
*** Running vivado
    with args -log sevenseg.vds -m64 -mode batch -messageDb vivado.pb -notrace -source sevenseg.tcl


****** Vivado v2015.3 (64-bit)
  **** SW Build 1368829 on Mon Sep 28 20:06:43 MDT 2015
  **** IP Build 1367837 on Mon Sep 28 08:56:14 MDT 2015
    ** Copyright 1986-2015 Xilinx, Inc. All Rights Reserved.

source sevenseg.tcl -notrace
Command: synth_design -top sevenseg -part xc7a35tcpg236-1
Starting synth_design
Attempting to get a license for feature 'Synthesis' and/or device 'xc7a35t'
INFO: [Common 17-349] Got license for feature 'Synthesis' and/or device 'xc7a35t'
---------------------------------------------------------------------------------
Starting RTL Elaboration : Time (s): cpu = 00:00:05 ; elapsed = 00:00:06 . Memory (MB): peak = 286.137 ; gain = 114.492
---------------------------------------------------------------------------------
INFO: [Synth 8-638] synthesizing module 'sevenseg' [C:/Users/marse/Documents/digit/project_9/project_9.srcs/sources_1/new/sevenseg.v:22]
	Parameter T1MS bound to: 50000 - type: integer 
	Parameter T2MS bound to: 100000000 - type: integer 
INFO: [Synth 8-226] default block is never used [C:/Users/marse/Documents/digit/project_9/project_9.srcs/sources_1/new/sevenseg.v:43]
INFO: [Synth 8-256] done synthesizing module 'sevenseg' (1#1) [C:/Users/marse/Documents/digit/project_9/project_9.srcs/sources_1/new/sevenseg.v:22]
WARNING: [Synth 8-3917] design sevenseg has port dp driven by constant 1
---------------------------------------------------------------------------------
Finished RTL Elaboration : Time (s): cpu = 00:00:06 ; elapsed = 00:00:06 . Memory (MB): peak = 323.340 ; gain = 151.695
---------------------------------------------------------------------------------

Report Check Netlist: 
+------+------------------+-------+---------+-------+------------------+
|      |Item              |Errors |Warnings |Status |Description       |
+------+------------------+-------+---------+-------+------------------+
|1     |multi_driven_nets |      0|        0|Passed |Multi driven nets |
+------+------------------+-------+---------+-------+------------------+
---------------------------------------------------------------------------------
Finished RTL Optimization Phase 1 : Time (s): cpu = 00:00:06 ; elapsed = 00:00:07 . Memory (MB): peak = 323.340 ; gain = 151.695
---------------------------------------------------------------------------------
INFO: [Device 21-403] Loading part xc7a35tcpg236-1
INFO: [Project 1-570] Preparing netlist for logic optimization

Processing XDC Constraints
Initializing timing engine
Parsing XDC File [C:/Users/marse/Documents/digit/project_9/project_9.srcs/constrs_1/new/sevenseg.xdc]
Finished Parsing XDC File [C:/Users/marse/Documents/digit/project_9/project_9.srcs/constrs_1/new/sevenseg.xdc]
INFO: [Project 1-236] Implementation specific constraints were found while reading constraint file [C:/Users/marse/Documents/digit/project_9/project_9.srcs/constrs_1/new/sevenseg.xdc]. These constraints will be ignored for synthesis but will be used in implementation. Impacted constraints are listed in the file [.Xil/sevenseg_propImpl.xdc].
Resolution: To avoid this warning, move constraints listed in [.Xil/sevenseg_propImpl.xdc] to another XDC file and exclude this new file from synthesis with the used_in_synthesis property (File Properties dialog in GUI) and re-run elaboration/synthesis.
Completed Processing XDC Constraints

INFO: [Project 1-111] Unisim Transformation Summary:
No Unisim elements were transformed.

Constraint Validation Runtime : Time (s): cpu = 00:00:00 ; elapsed = 00:00:00.002 . Memory (MB): peak = 600.844 ; gain = 0.000
---------------------------------------------------------------------------------
Finished Constraint Validation : Time (s): cpu = 00:00:12 ; elapsed = 00:00:13 . Memory (MB): peak = 600.844 ; gain = 429.199
---------------------------------------------------------------------------------
---------------------------------------------------------------------------------
Start Loading Part and Timing Information
---------------------------------------------------------------------------------
Loading part: xc7a35tcpg236-1
---------------------------------------------------------------------------------
Finished Loading Part and Timing Information : Time (s): cpu = 00:00:12 ; elapsed = 00:00:13 . Memory (MB): peak = 600.844 ; gain = 429.199
---------------------------------------------------------------------------------
---------------------------------------------------------------------------------
Start Applying 'set_property' XDC Constraints
---------------------------------------------------------------------------------
---------------------------------------------------------------------------------
Finished applying 'set_property' XDC Constraints : Time (s): cpu = 00:00:12 ; elapsed = 00:00:13 . Memory (MB): peak = 600.844 ; gain = 429.199
---------------------------------------------------------------------------------
---------------------------------------------------------------------------------
Finished RTL Optimization Phase 2 : Time (s): cpu = 00:00:12 ; elapsed = 00:00:13 . Memory (MB): peak = 600.844 ; gain = 429.199
---------------------------------------------------------------------------------

Report RTL Partitions: 
+-+--------------+------------+----------+
| |RTL Partition |Replication |Instances |
+-+--------------+------------+----------+
+-+--------------+------------+----------+
---------------------------------------------------------------------------------
Start RTL Component Statistics 
---------------------------------------------------------------------------------
Detailed RTL Component Info : 
+---Adders : 
	   2 Input     33 Bit       Adders := 1     
	   2 Input     20 Bit       Adders := 1     
	   2 Input      4 Bit       Adders := 2     
	   2 Input      2 Bit       Adders := 1     
+---Registers : 
	               16 Bit    Registers := 1     
	                7 Bit    Registers := 1     
	                4 Bit    Registers := 2     
	                2 Bit    Registers := 1     
+---Muxes : 
	   2 Input     16 Bit        Muxes := 2     
	  11 Input      7 Bit        Muxes := 1     
	   2 Input      4 Bit        Muxes := 5     
	   4 Input      4 Bit        Muxes := 2     
---------------------------------------------------------------------------------
Finished RTL Component Statistics 
---------------------------------------------------------------------------------
---------------------------------------------------------------------------------
Start RTL Hierarchical Component Statistics 
---------------------------------------------------------------------------------
Hierarchical RTL Component report 
Module sevenseg 
Detailed RTL Component Info : 
+---Adders : 
	   2 Input     33 Bit       Adders := 1     
	   2 Input     20 Bit       Adders := 1     
	   2 Input      4 Bit       Adders := 2     
	   2 Input      2 Bit       Adders := 1     
+---Registers : 
	               16 Bit    Registers := 1     
	                7 Bit    Registers := 1     
	                4 Bit    Registers := 2     
	                2 Bit    Registers := 1     
+---Muxes : 
	   2 Input     16 Bit        Muxes := 2     
	  11 Input      7 Bit        Muxes := 1     
	   2 Input      4 Bit        Muxes := 5     
	   4 Input      4 Bit        Muxes := 2     
---------------------------------------------------------------------------------
Finished RTL Hierarchical Component Statistics
---------------------------------------------------------------------------------
---------------------------------------------------------------------------------
Start Part Resource Summary
---------------------------------------------------------------------------------
Part Resources:
DSPs: 90 (col length:60)
BRAMs: 100 (col length: RAMB18 60 RAMB36 30)
---------------------------------------------------------------------------------
Finished Part Resource Summary
---------------------------------------------------------------------------------
Start Parallel Synthesis Optimization  : Time (s): cpu = 00:00:12 ; elapsed = 00:00:13 . Memory (MB): peak = 600.844 ; gain = 429.199
---------------------------------------------------------------------------------
Start Cross Boundary Optimization
---------------------------------------------------------------------------------
WARNING: [Synth 8-3917] design sevenseg has port dp driven by constant 1
---------------------------------------------------------------------------------
Finished Cross Boundary Optimization : Time (s): cpu = 00:00:12 ; elapsed = 00:00:14 . Memory (MB): peak = 600.844 ; gain = 429.199
---------------------------------------------------------------------------------
Finished Parallel Reinference  : Time (s): cpu = 00:00:12 ; elapsed = 00:00:14 . Memory (MB): peak = 600.844 ; gain = 429.199

Report RTL Partitions: 
+-+--------------+------------+----------+
| |RTL Partition |Replication |Instances |
+-+--------------+------------+----------+
+-+--------------+------------+----------+
---------------------------------------------------------------------------------
Start Area Optimization
---------------------------------------------------------------------------------
INFO: [Synth 8-3333] propagating constant 1 across sequential element (\x_reg[15] )
INFO: [Synth 8-3886] merging instance '\x_reg[7] ' (FDSE) to '\x_reg[6] '
INFO: [Synth 8-3333] propagating constant 1 across sequential element (\x_reg[11] )
INFO: [Synth 8-3333] propagating constant 1 across sequential element (\x_reg[14] )
INFO: [Synth 8-3886] merging instance '\x_reg[6] ' (FDSE) to '\x_reg[5] '
INFO: [Synth 8-3333] propagating constant 1 across sequential element (\x_reg[10] )
INFO: [Synth 8-3333] propagating constant 1 across sequential element (\x_reg[13] )
INFO: [Synth 8-3333] propagating constant 1 across sequential element (\x_reg[9] )
INFO: [Synth 8-3333] propagating constant 1 across sequential element (\x_reg[12] )
INFO: [Synth 8-3333] propagating constant 1 across sequential element (\x_reg[8] )
WARNING: [Synth 8-3332] Sequential element (\x_reg[15] ) is unused and will be removed from module sevenseg.
WARNING: [Synth 8-3332] Sequential element (\x_reg[14] ) is unused and will be removed from module sevenseg.
WARNING: [Synth 8-3332] Sequential element (\x_reg[13] ) is unused and will be removed from module sevenseg.
WARNING: [Synth 8-3332] Sequential element (\x_reg[12] ) is unused and will be removed from module sevenseg.
WARNING: [Synth 8-3332] Sequential element (\x_reg[11] ) is unused and will be removed from module sevenseg.
WARNING: [Synth 8-3332] Sequential element (\x_reg[10] ) is unused and will be removed from module sevenseg.
WARNING: [Synth 8-3332] Sequential element (\x_reg[9] ) is unused and will be removed from module sevenseg.
WARNING: [Synth 8-3332] Sequential element (\x_reg[8] ) is unused and will be removed from module sevenseg.
WARNING: [Synth 8-3332] Sequential element (\x_reg[7] ) is unused and will be removed from module sevenseg.
WARNING: [Synth 8-3332] Sequential element (\x_reg[6] ) is unused and will be removed from module sevenseg.
---------------------------------------------------------------------------------
Finished Area Optimization : Time (s): cpu = 00:00:13 ; elapsed = 00:00:14 . Memory (MB): peak = 600.844 ; gain = 429.199
---------------------------------------------------------------------------------
Finished Parallel Area Optimization  : Time (s): cpu = 00:00:13 ; elapsed = 00:00:14 . Memory (MB): peak = 600.844 ; gain = 429.199

Report RTL Partitions: 
+-+--------------+------------+----------+
| |RTL Partition |Replication |Instances |
+-+--------------+------------+----------+
+-+--------------+------------+----------+
---------------------------------------------------------------------------------
Start Timing Optimization
---------------------------------------------------------------------------------
---------------------------------------------------------------------------------
Start Applying XDC Timing Constraints
---------------------------------------------------------------------------------
---------------------------------------------------------------------------------
Finished Applying XDC Timing Constraints : Time (s): cpu = 00:00:23 ; elapsed = 00:00:24 . Memory (MB): peak = 600.844 ; gain = 429.199
---------------------------------------------------------------------------------
---------------------------------------------------------------------------------
Finished Timing Optimization : Time (s): cpu = 00:00:23 ; elapsed = 00:00:24 . Memory (MB): peak = 600.844 ; gain = 429.199
---------------------------------------------------------------------------------
Finished Parallel Timing Optimization  : Time (s): cpu = 00:00:23 ; elapsed = 00:00:24 . Memory (MB): peak = 600.844 ; gain = 429.199

Report RTL Partitions: 
+-+--------------+------------+----------+
| |RTL Partition |Replication |Instances |
+-+--------------+------------+----------+
+-+--------------+------------+----------+
Finished Parallel Synthesis Optimization  : Time (s): cpu = 00:00:23 ; elapsed = 00:00:24 . Memory (MB): peak = 600.844 ; gain = 429.199
---------------------------------------------------------------------------------
Start Technology Mapping
---------------------------------------------------------------------------------
---------------------------------------------------------------------------------
Finished Technology Mapping : Time (s): cpu = 00:00:23 ; elapsed = 00:00:24 . Memory (MB): peak = 600.844 ; gain = 429.199
---------------------------------------------------------------------------------

Report RTL Partitions: 
+-+--------------+------------+----------+
| |RTL Partition |Replication |Instances |
+-+--------------+------------+----------+
+-+--------------+------------+----------+
---------------------------------------------------------------------------------
Start IO Insertion
---------------------------------------------------------------------------------
---------------------------------------------------------------------------------
Start Flattening Before IO Insertion
---------------------------------------------------------------------------------
---------------------------------------------------------------------------------
Finished Flattening Before IO Insertion
---------------------------------------------------------------------------------
---------------------------------------------------------------------------------
Start Final Netlist Cleanup
---------------------------------------------------------------------------------
---------------------------------------------------------------------------------
Finished Final Netlist Cleanup
---------------------------------------------------------------------------------
---------------------------------------------------------------------------------
Finished IO Insertion : Time (s): cpu = 00:00:23 ; elapsed = 00:00:25 . Memory (MB): peak = 600.844 ; gain = 429.199
---------------------------------------------------------------------------------

Report Check Netlist: 
+------+------------------+-------+---------+-------+------------------+
|      |Item              |Errors |Warnings |Status |Description       |
+------+------------------+-------+---------+-------+------------------+
|1     |multi_driven_nets |      0|        0|Passed |Multi driven nets |
+------+------------------+-------+---------+-------+------------------+
---------------------------------------------------------------------------------
Start Renaming Generated Instances
---------------------------------------------------------------------------------
---------------------------------------------------------------------------------
Finished Renaming Generated Instances : Time (s): cpu = 00:00:23 ; elapsed = 00:00:25 . Memory (MB): peak = 600.844 ; gain = 429.199
---------------------------------------------------------------------------------

Report RTL Partitions: 
+-+--------------+------------+----------+
| |RTL Partition |Replication |Instances |
+-+--------------+------------+----------+
+-+--------------+------------+----------+
---------------------------------------------------------------------------------
Start Rebuilding User Hierarchy
---------------------------------------------------------------------------------
---------------------------------------------------------------------------------
Finished Rebuilding User Hierarchy : Time (s): cpu = 00:00:23 ; elapsed = 00:00:25 . Memory (MB): peak = 600.844 ; gain = 429.199
---------------------------------------------------------------------------------
---------------------------------------------------------------------------------
Start Renaming Generated Ports
---------------------------------------------------------------------------------
---------------------------------------------------------------------------------
Finished Renaming Generated Ports : Time (s): cpu = 00:00:23 ; elapsed = 00:00:25 . Memory (MB): peak = 600.844 ; gain = 429.199
---------------------------------------------------------------------------------
---------------------------------------------------------------------------------
Start Handling Custom Attributes
---------------------------------------------------------------------------------
---------------------------------------------------------------------------------
Finished Handling Custom Attributes : Time (s): cpu = 00:00:23 ; elapsed = 00:00:25 . Memory (MB): peak = 600.844 ; gain = 429.199
---------------------------------------------------------------------------------
---------------------------------------------------------------------------------
Start Renaming Generated Nets
---------------------------------------------------------------------------------
---------------------------------------------------------------------------------
Finished Renaming Generated Nets : Time (s): cpu = 00:00:23 ; elapsed = 00:00:25 . Memory (MB): peak = 600.844 ; gain = 429.199
---------------------------------------------------------------------------------
---------------------------------------------------------------------------------
Start Writing Synthesis Report
---------------------------------------------------------------------------------

Report BlackBoxes: 
+-+--------------+----------+
| |BlackBox name |Instances |
+-+--------------+----------+
+-+--------------+----------+

Report Cell Usage: 
+------+-------+------+
|      |Cell   |Count |
+------+-------+------+
|1     |BUFG   |     1|
|2     |CARRY4 |    27|
|3     |LUT1   |   105|
|4     |LUT2   |     4|
|5     |LUT3   |     3|
|6     |LUT4   |     8|
|7     |LUT5   |    11|
|8     |LUT6   |    13|
|9     |FDRE   |    76|
|10    |IBUF   |     2|
|11    |OBUF   |    12|
+------+-------+------+

Report Instance Areas: 
+------+---------+-------+------+
|      |Instance |Module |Cells |
+------+---------+-------+------+
|1     |top      |       |   262|
+------+---------+-------+------+
---------------------------------------------------------------------------------
Finished Writing Synthesis Report : Time (s): cpu = 00:00:23 ; elapsed = 00:00:25 . Memory (MB): peak = 600.844 ; gain = 429.199
---------------------------------------------------------------------------------
Synthesis finished with 0 errors, 0 critical warnings and 11 warnings.
Synthesis Optimization Runtime : Time (s): cpu = 00:00:15 ; elapsed = 00:00:18 . Memory (MB): peak = 600.844 ; gain = 111.715
Synthesis Optimization Complete : Time (s): cpu = 00:00:24 ; elapsed = 00:00:25 . Memory (MB): peak = 600.844 ; gain = 429.199
INFO: [Project 1-571] Translating synthesized netlist
INFO: [Netlist 29-17] Analyzing 29 Unisim elements for replacement
INFO: [Netlist 29-28] Unisim Transformation completed in 0 CPU seconds
INFO: [Project 1-570] Preparing netlist for logic optimization
INFO: [Opt 31-138] Pushed 0 inverter(s) to 0 load pin(s).
INFO: [Project 1-111] Unisim Transformation Summary:
No Unisim elements were transformed.

INFO: [Common 17-83] Releasing license: Synthesis
25 Infos, 12 Warnings, 0 Critical Warnings and 0 Errors encountered.
synth_design completed successfully
synth_design: Time (s): cpu = 00:00:22 ; elapsed = 00:00:23 . Memory (MB): peak = 600.844 ; gain = 396.160
report_utilization: Time (s): cpu = 00:00:00 ; elapsed = 00:00:00.023 . Memory (MB): peak = 600.844 ; gain = 0.000
INFO: [Common 17-206] Exiting Vivado at Mon May 15 21:20:38 2017...
